<?xml version="1.0" encoding="UTF-8"?>
<testng-results ignored="0" total="1" passed="0" failed="1" skipped="0">
  <reporter-output>
  </reporter-output>
  <suite started-at="2021-07-13T04:48:25Z" name="Default suite" finished-at="2021-07-13T04:48:57Z" duration-ms="31811">
    <groups>
    </groups>
    <test started-at="2021-07-13T04:48:25Z" name="Default test" finished-at="2021-07-13T04:48:57Z" duration-ms="31811">
      <class name="org.ng.SampleTest">
        <test-method is-config="true" signature="beforeClass()[pri:0, instance:org.ng.SampleTest@258d79be]" started-at="2021-07-13T04:48:26Z" name="beforeClass" finished-at="2021-07-13T04:48:57Z" duration-ms="30946" status="PASS">
          <reporter-output>
          </reporter-output>
        </test-method> <!-- beforeClass -->
        <test-method signature="tc0(java.lang.String)[pri:0, instance:org.ng.SampleTest@258d79be]" started-at="2021-07-13T04:48:57Z" name="tc0" finished-at="2021-07-13T04:48:57Z" duration-ms="0" status="FAIL">
          <exception class="org.testng.TestNGException">
            <message>
              <![CDATA[
Parameter 'username' is required by @Test on method tc0 but has not been marked @Optional or defined
in C:\Users\ELCOT\AppData\Local\Temp\testng-eclipse--859587988\testng-customsuite.xml]]>
            </message>
            <full-stacktrace>
              <![CDATA[org.testng.TestNGException: 
Parameter 'username' is required by @Test on method tc0 but has not been marked @Optional or defined
in C:\Users\ELCOT\AppData\Local\Temp\testng-eclipse--859587988\testng-customsuite.xml
at org.testng.internal.Parameters.createParams(Parameters.java:290)
at org.testng.internal.Parameters.createParametersForMethod(Parameters.java:359)
at org.testng.internal.Parameters.createParameters(Parameters.java:620)
at org.testng.internal.Parameters.handleParameters(Parameters.java:769)
at org.testng.internal.ParameterHandler.handleParameters(ParameterHandler.java:49)
at org.testng.internal.ParameterHandler.createParameters(ParameterHandler.java:37)
at org.testng.internal.Invoker.invokeTestMethods(Invoker.java:924)
at org.testng.internal.TestMethodWorker.invokeTestMethods(TestMethodWorker.java:125)
at org.testng.internal.TestMethodWorker.run(TestMethodWorker.java:109)
at org.testng.TestRunner.privateRun(TestRunner.java:648)
at org.testng.TestRunner.run(TestRunner.java:505)
at org.testng.SuiteRunner.runTest(SuiteRunner.java:455)
at org.testng.SuiteRunner.runSequentially(SuiteRunner.java:450)
at org.testng.SuiteRunner.privateRun(SuiteRunner.java:415)
at org.testng.SuiteRunner.run(SuiteRunner.java:364)
at org.testng.SuiteRunnerWorker.runSuite(SuiteRunnerWorker.java:52)
at org.testng.SuiteRunnerWorker.run(SuiteRunnerWorker.java:84)
at org.testng.TestNG.runSuitesSequentially(TestNG.java:1208)
at org.testng.TestNG.runSuitesLocally(TestNG.java:1137)
at org.testng.TestNG.runSuites(TestNG.java:1049)
at org.testng.TestNG.run(TestNG.java:1017)
at org.testng.remote.AbstractRemoteTestNG.run(AbstractRemoteTestNG.java:115)
at org.testng.remote.RemoteTestNG.initAndRun(RemoteTestNG.java:251)
at org.testng.remote.RemoteTestNG.main(RemoteTestNG.java:77)
]]>
            </full-stacktrace>
          </exception> <!-- org.testng.TestNGException -->
          <reporter-output>
          </reporter-output>
        </test-method> <!-- tc0 -->
        <test-method is-config="true" signature="afterClass()[pri:0, instance:org.ng.SampleTest@258d79be]" started-at="2021-07-13T04:48:57Z" name="afterClass" finished-at="2021-07-13T04:48:57Z" duration-ms="1" status="PASS">
          <reporter-output>
          </reporter-output>
        </test-method> <!-- afterClass -->
      </class> <!-- org.ng.SampleTest -->
    </test> <!-- Default test -->
  </suite> <!-- Default suite -->
</testng-results>
